<?xml version="1.0" encoding="UTF-8"?>
<!-- Generated by org.testng.reporters.JUnitReportReporter -->
<testsuite skipped="0" hostname="USBLRADIRAJ23" name="com.amazon.Dashboard.TC_HomePage" tests="1" failures="0" timestamp="23 Feb 2023 05:44:04 GMT" time="24.082" errors="0">
  <testcase name="HomePage" time="24.082" classname="com.amazon.Dashboard.TC_HomePage"/>
</testsuite> <!-- com.amazon.Dashboard.TC_HomePage -->
