<?xml version="1.0" encoding="UTF-8"?>
<!-- Generated by org.testng.reporters.JUnitReportReporter -->
<testsuite skipped="0" hostname="USBLRADIRAJ23" name="com.amazon.Dashboard.LaunchApplication" tests="1" failures="0" timestamp="14 Feb 2023 05:16:21 GMT" time="21.716" errors="0">
  <testcase name="navigateApplication" time="21.716" classname="com.amazon.Dashboard.LaunchApplication"/>
</testsuite> <!-- com.amazon.Dashboard.LaunchApplication -->
